#-----------------------------------------------------------
# Vivado v2018.3 (64-bit)
# SW Build 2405991 on Thu Dec  6 23:38:27 MST 2018
# IP Build 2404404 on Fri Dec  7 01:43:56 MST 2018
# Start of session at: Thu Nov 28 00:48:44 2019
# Process ID: 32740
# Current directory: D:/Projects/probation training/linux laptop ip_repo/ip_repo/AXI_AZIMUTH_ELEVATION-IPcore--zynq-
# Command line: vivado.exe -gui_launcher_event rodinguilauncherevent40788 D:\Projects\probation training\linux laptop ip_repo\ip_repo\AXI_AZIMUTH_ELEVATION-IPcore--zynq-\edit_Azimuth_test_axi_v1_0.xpr
# Log file: D:/Projects/probation training/linux laptop ip_repo/ip_repo/AXI_AZIMUTH_ELEVATION-IPcore--zynq-/vivado.log
# Journal file: D:/Projects/probation training/linux laptop ip_repo/ip_repo/AXI_AZIMUTH_ELEVATION-IPcore--zynq-\vivado.jou
#-----------------------------------------------------------
start_gui
open_project {D:/Projects/probation training/linux laptop ip_repo/ip_repo/AXI_AZIMUTH_ELEVATION-IPcore--zynq-/edit_Azimuth_test_axi_v1_0.xpr}
INFO: [ProjectBase 1-489] The host OS only allows 260 characters in a normal path. The project is stored in a path with more than 80 characters. If you experience issues with IP, Block Designs, or files not being found, please consider moving the project to a location with a shorter path. Alternately consider using the OS subst command to map part of the path to a drive letter.
Current project path is 'D:/Projects/probation training/linux laptop ip_repo/ip_repo/AXI_AZIMUTH_ELEVATION-IPcore--zynq-'
INFO: [Project 1-313] Project file moved from 'D:/Projects/probation training/linux laptop ip_repo/ip_repo' since last save.
Scanning sources...
Finished scanning sources
INFO: [IP_Flow 19-234] Refreshing IP repositories
INFO: [IP_Flow 19-1700] Loaded user IP repository 'd:/Projects/probation training/linux laptop ip_repo/ip_repo/AXI_AZIMUTH_ELEVATION-IPcore--zynq-/Azimuth_test_axi_1.0'.
INFO: [IP_Flow 19-1700] Loaded user IP repository 'd:/Projects/probation training/linux laptop ip_repo/ip_repo/AXI_AZIMUTH_ELEVATION-IPcore--zynq-/Azimuth_test_1.0'.
INFO: [IP_Flow 19-2313] Loaded Vivado IP repository 'C:/Xilinx/Vivado/2018.3/data/ip'.
WARNING: [IP_Flow 19-2162] IP 'cordic_0' is locked:
* Current project part 'xc7z020clg400-1' and the part 'xc7a200tfbg484-2' used to customize the IP 'cordic_0' do not match.
Please select 'Report IP Status' from the 'Tools/Report' menu or run Tcl command 'report_ip_status' for more information.
WARNING: [IP_Flow 19-2162] IP 'div_gen_0' is locked:
* Current project part 'xc7z020clg400-1' and the part 'xc7a200tfbg484-2' used to customize the IP 'div_gen_0' do not match.
Please select 'Report IP Status' from the 'Tools/Report' menu or run Tcl command 'report_ip_status' for more information.
WARNING: [IP_Flow 19-2162] IP 'cordic_1' is locked:
* Current project part 'xc7z020clg400-1' and the part 'xc7a200tfbg484-2' used to customize the IP 'cordic_1' do not match.
Please select 'Report IP Status' from the 'Tools/Report' menu or run Tcl command 'report_ip_status' for more information.
WARNING: [IP_Flow 19-2162] IP 'cordic_sqrt' is locked:
* Current project part 'xc7z020clg400-1' and the part 'xc7a200tfbg484-2' used to customize the IP 'cordic_sqrt' do not match.
Please select 'Report IP Status' from the 'Tools/Report' menu or run Tcl command 'report_ip_status' for more information.
WARNING: [IP_Flow 19-2162] IP 'mult_gen_0' is locked:
* Current project part 'xc7z020clg400-1' and the part 'xc7a200tfbg484-2' used to customize the IP 'mult_gen_0' do not match.
Please select 'Report IP Status' from the 'Tools/Report' menu or run Tcl command 'report_ip_status' for more information.
WARNING: [IP_Flow 19-2162] IP 'mult_gen_1' is locked:
* Current project part 'xc7z020clg400-1' and the part 'xc7a200tfbg484-2' used to customize the IP 'mult_gen_1' do not match.
Please select 'Report IP Status' from the 'Tools/Report' menu or run Tcl command 'report_ip_status' for more information.
open_project: Time (s): cpu = 00:00:31 ; elapsed = 00:00:17 . Memory (MB): peak = 789.895 ; gain = 158.711
update_compile_order -fileset sources_1
