#-----------------------------------------------------------
# Vivado v2018.3 (64-bit)
# SW Build 2405991 on Thu Dec  6 23:38:27 MST 2018
# IP Build 2404404 on Fri Dec  7 01:43:56 MST 2018
# Start of session at: Fri Nov 15 15:05:57 2019
# Process ID: 30796
# Current directory: D:/Projects/probation training/linux laptop ip_repo/ip_repo
# Command line: vivado.exe -gui_launcher_event rodinguilauncherevent26120 D:\Projects\probation training\linux laptop ip_repo\ip_repo\edit_Azimuth_test_axi_v1_0.xpr
# Log file: D:/Projects/probation training/linux laptop ip_repo/ip_repo/vivado.log
# Journal file: D:/Projects/probation training/linux laptop ip_repo/ip_repo\vivado.jou
#-----------------------------------------------------------
start_gui
open_project {D:/Projects/probation training/linux laptop ip_repo/ip_repo/edit_Azimuth_test_axi_v1_0.xpr}
INFO: [Project 1-313] Project file moved from '/home/reza/REZA/ip_repo' since last save.
Scanning sources...
Finished scanning sources
INFO: [IP_Flow 19-234] Refreshing IP repositories
INFO: [IP_Flow 19-1700] Loaded user IP repository 'd:/Projects/probation training/linux laptop ip_repo/ip_repo/Azimuth_test_axi_1.0'.
INFO: [IP_Flow 19-1700] Loaded user IP repository 'd:/Projects/probation training/linux laptop ip_repo/ip_repo/Azimuth_test_1.0'.
INFO: [IP_Flow 19-2313] Loaded Vivado IP repository 'C:/Xilinx/Vivado/2018.3/data/ip'.
WARNING: [IP_Flow 19-2162] IP 'cordic_0' is locked:
* Current project part 'xc7z020clg400-1' and the part 'xc7a200tfbg484-2' used to customize the IP 'cordic_0' do not match.
Please select 'Report IP Status' from the 'Tools/Report' menu or run Tcl command 'report_ip_status' for more information.
WARNING: [IP_Flow 19-2162] IP 'div_gen_0' is locked:
* Current project part 'xc7z020clg400-1' and the part 'xc7a200tfbg484-2' used to customize the IP 'div_gen_0' do not match.
Please select 'Report IP Status' from the 'Tools/Report' menu or run Tcl command 'report_ip_status' for more information.
WARNING: [IP_Flow 19-2162] IP 'cordic_1' is locked:
* Current project part 'xc7z020clg400-1' and the part 'xc7a200tfbg484-2' used to customize the IP 'cordic_1' do not match.
Please select 'Report IP Status' from the 'Tools/Report' menu or run Tcl command 'report_ip_status' for more information.
WARNING: [IP_Flow 19-2162] IP 'cordic_sqrt' is locked:
* Current project part 'xc7z020clg400-1' and the part 'xc7a200tfbg484-2' used to customize the IP 'cordic_sqrt' do not match.
Please select 'Report IP Status' from the 'Tools/Report' menu or run Tcl command 'report_ip_status' for more information.
WARNING: [IP_Flow 19-2162] IP 'mult_gen_0' is locked:
* Current project part 'xc7z020clg400-1' and the part 'xc7a200tfbg484-2' used to customize the IP 'mult_gen_0' do not match.
Please select 'Report IP Status' from the 'Tools/Report' menu or run Tcl command 'report_ip_status' for more information.
WARNING: [IP_Flow 19-2162] IP 'mult_gen_1' is locked:
* Current project part 'xc7z020clg400-1' and the part 'xc7a200tfbg484-2' used to customize the IP 'mult_gen_1' do not match.
Please select 'Report IP Status' from the 'Tools/Report' menu or run Tcl command 'report_ip_status' for more information.
open_project: Time (s): cpu = 00:00:16 ; elapsed = 00:00:12 . Memory (MB): peak = 781.742 ; gain = 164.957
update_compile_order -fileset sources_1
ipx::open_ipxact_file {D:/Projects/probation training/linux laptop ip_repo/ip_repo/Azimuth_test_axi_1.0/component.xml}
WARNING: [IP_Flow 19-5226] Project source file 'd:/Projects/probation training/linux laptop ip_repo/ip_repo/Azimuth_test_axi_1.0/component.xml' ignored by IP packager.
WARNING: [IP_Flow 19-3898] File Group 'xilinx_vhdlsynthesis (VHDL Synthesis)': File 'd:/Projects/probation training/linux laptop ip_repo/ip_repo/Azimuth_test_axi_1.0/src/Azimuth.vhd' is not found in the project sources. It will be removed from the packaged IP when the sources are merged. If still required, please add this file to the project and re-package.
WARNING: [IP_Flow 19-3898] File Group 'xilinx_vhdlsynthesis (VHDL Synthesis)': File 'd:/Projects/probation training/linux laptop ip_repo/ip_repo/Azimuth_test_axi_1.0/hdl/Azimuth_test_axi_v1_0_S00_AXI.vhd' is not found in the project sources. It will be removed from the packaged IP when the sources are merged. If still required, please add this file to the project and re-package.
WARNING: [IP_Flow 19-3898] File Group 'xilinx_vhdlsynthesis (VHDL Synthesis)': File 'd:/Projects/probation training/linux laptop ip_repo/ip_repo/Azimuth_test_axi_1.0/hdl/Azimuth_test_axi_v1_0.vhd' is not found in the project sources. It will be removed from the packaged IP when the sources are merged. If still required, please add this file to the project and re-package.
WARNING: [IP_Flow 19-3898] File Group 'xilinx_vhdlbehavioralsimulation (VHDL Simulation)': File 'd:/Projects/probation training/linux laptop ip_repo/ip_repo/Azimuth_test_axi_1.0/src/Azimuth.vhd' is not found in the project sources. It will be removed from the packaged IP when the sources are merged. If still required, please add this file to the project and re-package.
WARNING: [IP_Flow 19-3898] File Group 'xilinx_vhdlbehavioralsimulation (VHDL Simulation)': File 'd:/Projects/probation training/linux laptop ip_repo/ip_repo/Azimuth_test_axi_1.0/hdl/Azimuth_test_axi_v1_0_S00_AXI.vhd' is not found in the project sources. It will be removed from the packaged IP when the sources are merged. If still required, please add this file to the project and re-package.
WARNING: [IP_Flow 19-3898] File Group 'xilinx_vhdlbehavioralsimulation (VHDL Simulation)': File 'd:/Projects/probation training/linux laptop ip_repo/ip_repo/Azimuth_test_axi_1.0/hdl/Azimuth_test_axi_v1_0.vhd' is not found in the project sources. It will be removed from the packaged IP when the sources are merged. If still required, please add this file to the project and re-package.
ipx::merge_project_changes hdl_parameters [ipx::current_core]
WARNING: [IP_Flow 19-5226] Project source file 'd:/Projects/probation training/linux laptop ip_repo/ip_repo/Azimuth_test_axi_1.0/component.xml' ignored by IP packager.
INFO: [IP_Flow 19-3166] Bus Interface 'S00_AXI': References existing memory map 'S00_AXI'.
WARNING: [filemgmt 56-199] Attempt to get parsing info during refresh. "On-the-fly" syntax checking information may be incorrect. [D:/Projects/probation training/linux laptop ip_repo/ip_repo/Azimuth_test_axi_1.0/src/Azimuth.vhd:]
WARNING: [filemgmt 56-199] Attempt to get parsing info during refresh. "On-the-fly" syntax checking information may be incorrect. [D:/Projects/probation training/linux laptop ip_repo/ip_repo/Azimuth_test_axi_1.0/hdl/Azimuth_test_axi_v1_0_S00_AXI.vhd:]
ERROR: [Common 17-180] Spawn failed: No error
set_property core_revision 9 [ipx::current_core]
ipx::create_xgui_files [ipx::current_core]
ipx::update_checksums [ipx::current_core]
ipx::save_core [ipx::current_core]
update_ip_catalog -rebuild -repo_path {d:/Projects/probation training/linux laptop ip_repo/ip_repo/Azimuth_test_axi_1.0}
INFO: [IP_Flow 19-725] Reloaded user IP repository 'd:/Projects/probation training/linux laptop ip_repo/ip_repo/Azimuth_test_axi_1.0'
ipx::check_integrity -quiet [ipx::current_core]
ipx::archive_core {d:\Projects\probation training\linux laptop ip_repo\ip_repo\Azimuth_test_axi_1.0\Xilinx.com_Xilinx_Azimuth_test_axi_1.0.zip} [ipx::current_core]
exit
INFO: [Common 17-206] Exiting Vivado at Fri Nov 15 15:12:50 2019...
